time="2022-11-29T16:53:47+02:00" level=info msg="create router" func=main.main file="app.go:20"
time="2022-11-29T16:53:47+02:00" level=info msg="read application configuration" func=github.com/commedesvlados/go-app/internal/config.GetConfig.func1 file="config.go:24"
time="2022-11-29T16:53:47+02:00" level=info msg="register user handler" func=main.main file="app.go:25"
time="2022-11-29T16:53:47+02:00" level=info msg="start application" func=main.start file="app.go:34"
time="2022-11-29T16:53:47+02:00" level=info msg="detect app path" func=main.start file="app.go:40"
time="2022-11-29T16:53:47+02:00" level=info msg="create socket" func=main.start file="app.go:45"
time="2022-11-29T16:53:47+02:00" level=info msg="listen unix socket" func=main.start file="app.go:48"
time="2022-11-29T16:53:47+02:00" level=info msg="server is listening in unix socket: /tmp/go-build4227696471/b001/exe/app.sock" func=main.start file="app.go:50"
time="2022-11-29T16:57:57+02:00" level=info msg="create router" func=main.main file="app.go:20"
time="2022-11-29T16:57:57+02:00" level=info msg="read application configuration" func=github.com/commedesvlados/go-app/internal/config.GetConfig.func1 file="config.go:24"
time="2022-11-29T16:57:57+02:00" level=info msg="register user handler" func=main.main file="app.go:25"
time="2022-11-29T16:57:57+02:00" level=info msg="start application" func=main.start file="app.go:34"
time="2022-11-29T16:57:57+02:00" level=info msg="listen tcp" func=main.start file="app.go:52"
time="2022-11-29T16:57:57+02:00" level=info msg="server is listening port 127.0.0.1:10000" func=main.start file="app.go:54"
time="2022-11-29T17:12:39+02:00" level=info msg="create router" func=main.main file="app.go:20"
time="2022-11-29T17:13:41+02:00" level=info msg="read application configuration" func=github.com/commedesvlados/go-app/internal/config.GetConfig.func1 file="config.go:24"
time="2022-11-29T17:13:42+02:00" level=info msg="register user handler" func=main.main file="app.go:25"
time="2022-11-29T17:13:48+02:00" level=info msg="start application" func=main.start file="app.go:34"
time="2022-11-29T17:13:48+02:00" level=info msg="detect app path" func=main.start file="app.go:40"
time="2022-11-29T17:13:48+02:00" level=info msg="create socket" func=main.start file="app.go:45"
time="2022-11-29T17:13:48+02:00" level=info msg="listen unix socket" func=main.start file="app.go:48"
time="2022-11-29T17:13:48+02:00" level=info msg="server is listening in unix socket: /tmp/GoLand/app.sock" func=main.start file="app.go:50"
time="2022-11-29T17:14:00+02:00" level=info msg="create router" func=main.main file="app.go:20"
time="2022-11-29T17:16:19+02:00" level=info msg="read application configuration" func=github.com/commedesvlados/go-app/internal/config.GetConfig.func1 file="config.go:24"
time="2022-11-29T17:20:14+02:00" level=info msg="create router" func=main.main file="app.go:20"
time="2022-11-29T17:20:14+02:00" level=info msg="read application configuration" func=github.com/commedesvlados/go-app/internal/config.GetConfig.func1 file="config.go:24"
time="2022-11-29T17:20:14+02:00" level=info msg="register user handler" func=main.main file="app.go:25"
time="2022-11-29T17:20:14+02:00" level=info msg="start application" func=main.start file="app.go:34"
time="2022-11-29T17:20:14+02:00" level=info msg="detect app path" func=main.start file="app.go:40"
time="2022-11-29T17:20:14+02:00" level=info msg="create socket" func=main.start file="app.go:45"
time="2022-11-29T17:20:14+02:00" level=info msg="listen unix socket" func=main.start file="app.go:48"
time="2022-11-29T17:20:14+02:00" level=info msg="server is listening in unix socket: /tmp/go-build2433600422/b001/exe/app.sock" func=main.start file="app.go:50"
time="2022-11-30T19:42:20+02:00" level=info msg="create router" func=main.main file="app.go:23"
time="2022-11-30T19:42:20+02:00" level=info msg="read application configuration" func=github.com/commedesvlados/go-app/internal/config.GetConfig.func1 file="config.go:33"
time="2022-11-30T19:43:35+02:00" level=info msg="create router" func=main.main file="app.go:23"
time="2022-11-30T19:43:35+02:00" level=info msg="read application configuration" func=github.com/commedesvlados/go-app/internal/config.GetConfig.func1 file="config.go:33"
time="2022-11-30T19:45:47+02:00" level=info msg="create router" func=main.main file="app.go:23"
time="2022-11-30T19:45:47+02:00" level=info msg="read application configuration" func=github.com/commedesvlados/go-app/internal/config.GetConfig.func1 file="config.go:33"
time="2022-11-30T19:48:59+02:00" level=info msg="create router" func=main.main file="app.go:23"
time="2022-11-30T19:48:59+02:00" level=info msg="read application configuration" func=github.com/commedesvlados/go-app/internal/config.GetConfig.func1 file="config.go:33"
time="2022-11-30T19:52:51+02:00" level=info msg="create router" func=main.main file="app.go:23"
time="2022-11-30T19:52:51+02:00" level=info msg="read application configuration" func=github.com/commedesvlados/go-app/internal/config.GetConfig.func1 file="config.go:33"
